<?xml version="1.0" encoding="UTF-8"?>
<!-- Generated by org.testng.reporters.JUnitReportReporter -->
<testsuite hostname="DS-PC" name="TestCases.ZigyCare.CareLogin" tests="1" failures="0" timestamp="11 Jul 2016 05:46:00 GMT" time="80.283" errors="0">
  <testcase name="testLogin" time="80.283" classname="TestCases.ZigyCare.CareLogin"/>
</testsuite> <!-- TestCases.ZigyCare.CareLogin -->
