<?xml version="1.0" encoding="UTF-8"?>
<!-- Generated by org.testng.reporters.JUnitReportReporter -->
<testsuite hostname="DS-PC" name="TestCases.ZigyHealthVault.HVLogin" tests="1" failures="0" timestamp="11 Jul 2016 05:48:03 GMT" time="63.341" errors="0">
  <testcase name="testLogin" time="63.341" classname="TestCases.ZigyHealthVault.HVLogin"/>
</testsuite> <!-- TestCases.ZigyHealthVault.HVLogin -->
