<?xml version="1.0" encoding="UTF-8"?>
<!-- Generated by org.testng.reporters.JUnitReportReporter -->
<testsuite hostname="DS-PC" name="TestCases.Common.SendEmail" tests="1" failures="0" timestamp="13 Jul 2016 09:40:49 GMT" time="6.630" errors="0">
  <testcase name="testsendEmail" time="6.630" classname="TestCases.Common.SendEmail"/>
</testsuite> <!-- TestCases.Common.SendEmail -->
