<?xml version="1.0" encoding="UTF-8"?>
<!-- Generated by org.testng.reporters.JUnitReportReporter -->
<testsuite hostname="DS-PC" name="TestCases.ZigyCure.Login" tests="1" failures="0" timestamp="11 Jul 2016 05:11:39 GMT" time="88.086" errors="0">
  <testcase name="testLogin" time="88.086" classname="TestCases.ZigyCure.Login"/>
</testsuite> <!-- TestCases.ZigyCure.Login -->
