<?xml version="1.0" encoding="UTF-8"?>
<!-- Generated by org.testng.reporters.JUnitReportReporter -->
<testsuite hostname="DS-PC" name="TestCases.ZigyCare.CareLogin" tests="1" failures="0" timestamp="13 Jul 2016 09:14:38 GMT" time="64.086" errors="0">
  <testcase name="testLogin" time="64.086" classname="TestCases.ZigyCare.CareLogin"/>
</testsuite> <!-- TestCases.ZigyCare.CareLogin -->
