<?xml version="1.0" encoding="UTF-8"?>
<!-- Generated by org.testng.reporters.JUnitReportReporter -->
<testsuite hostname="DS-PC" name="TestCases.ZigyCure.AddtoOrder" tests="1" failures="0" timestamp="13 Jul 2016 09:14:38 GMT" time="101.560" errors="0">
  <testcase name="testAdd2Order" time="101.560" classname="TestCases.ZigyCure.AddtoOrder"/>
</testsuite> <!-- TestCases.ZigyCure.AddtoOrder -->
