<?xml version="1.0" encoding="UTF-8"?>
<!-- Generated by org.testng.reporters.JUnitReportReporter -->
<testsuite hostname="DS-PC" name="TestCases.ZigyHealthVault.HVLogin" tests="1" failures="0" timestamp="13 Jul 2016 09:14:38 GMT" time="48.581" errors="0">
  <testcase name="testLogin" time="48.581" classname="TestCases.ZigyHealthVault.HVLogin"/>
</testsuite> <!-- TestCases.ZigyHealthVault.HVLogin -->
