<?xml version="1.0" encoding="UTF-8"?>
<!-- Generated by org.testng.reporters.JUnitReportReporter -->
<testsuite hostname="DS-PC" name="TestCases.ZigyCure.AddtoOrder" tests="1" failures="0" timestamp="11 Jul 2016 05:53:00 GMT" time="92.628" errors="0">
  <testcase name="testAdd2Order" time="92.628" classname="TestCases.ZigyCure.AddtoOrder"/>
</testsuite> <!-- TestCases.ZigyCure.AddtoOrder -->
